#
# There is insufficient memory for the Java Runtime Environment to continue.
# Native memory allocation (mmap) failed to map 268435456 bytes for Failed to commit area from 0x0000000700c00000 to 0x0000000710c00000 of length 268435456.
# Possible reasons:
#   The system is out of physical RAM or swap space
#   The process is running with CompressedOops enabled, and the Java Heap may be blocking the growth of the native heap
# Possible solutions:
#   Reduce memory load on the system
#   Increase physical memory or swap space
#   Check if swap backing store is full
#   Decrease Java heap size (-Xmx/-Xms)
#   Decrease number of Java threads
#   Decrease Java thread stack sizes (-Xss)
#   Set larger code cache with -XX:ReservedCodeCacheSize=
# This output file may be truncated or incomplete.
#
#  Out of Memory Error (./src/hotspot/os/windows/os_windows.cpp:3301), pid=9940, tid=8036
#
# JRE version:  (11.0.10+8) (build )
# Java VM: OpenJDK 64-Bit Server VM (11.0.10+8-b1145.96, mixed mode, sharing, tiered, compressed oops, g1 gc, windows-amd64)
# No core dump will be written. Minidumps are not enabled by default on client versions of Windows
#

---------------  S U M M A R Y ------------

Command Line: org.jetbrains.git4idea.http.GitAskPassApp Username for 'https://github.com': 

Host: AMD Ryzen 5 2600 Six-Core Processor            , 12 cores, 15G,  Windows 10 , 64 bit Build 19041 (10.0.19041.804)
Time: Sat Apr 10 22:15:18 2021 Central Europe Daylight Time elapsed time: 0.014146 seconds (0d 0h 0m 0s)

---------------  T H R E A D  ---------------

Current thread (0x0000023c53fd1000):  JavaThread "Unknown thread" [_thread_in_vm, id=8036, stack(0x000000b73a200000,0x000000b73a300000)]

Stack: [0x000000b73a200000,0x000000b73a300000]
Native frames: (J=compiled Java code, j=interpreted, Vv=VM code, C=native code)
V  [jvm.dll+0x5ece6a]
V  [jvm.dll+0x722cd5]
V  [jvm.dll+0x72422d]
V  [jvm.dll+0x7248e3]
V  [jvm.dll+0x2428d8]
V  [jvm.dll+0x5ea244]
V  [jvm.dll+0x5df2e5]
V  [jvm.dll+0x2fdddb]
V  [jvm.dll+0x2fdd4a]
V  [jvm.dll+0x2fdc22]
V  [jvm.dll+0x302b06]
V  [jvm.dll+0x34b033]
V  [jvm.dll+0x34b736]
V  [jvm.dll+0x34b133]
V  [jvm.dll+0x2d87d8]
V  [jvm.dll+0x2d9987]
V  [jvm.dll+0x701817]
V  [jvm.dll+0x70300c]
V  [jvm.dll+0x3585a9]
V  [jvm.dll+0x6e516e]
V  [jvm.dll+0x3c09e3]
V  [jvm.dll+0x3c2c71]
C  [jli.dll+0x5373]
C  [ucrtbase.dll+0x21bb2]
C  [KERNEL32.DLL+0x17034]
C  [ntdll.dll+0x52651]


---------------  P R O C E S S  ---------------

Threads class SMR info:
_java_thread_list=0x0000023c53d22330, length=0, elements={
}

Java Threads: ( => current thread )

Other Threads:
  0x0000023c53fe8800 GCTaskThread "GC Thread#0" [stack: 0x000000b73a300000,0x000000b73a400000] [id=10512]
  0x0000023c54048000 ConcurrentGCThread "G1 Main Marker" [stack: 0x000000b73a400000,0x000000b73a500000] [id=18256]
  0x0000023c5404a800 ConcurrentGCThread "G1 Conc#0" [stack: 0x000000b73a500000,0x000000b73a600000] [id=15344]

[error occurred during error reporting (printing all threads), id 0xc0000005, EXCEPTION_ACCESS_VIOLATION (0xc0000005) at pc=0x00007ffe21618db7]

VM state:not at safepoint (not fully initialized)

VM Mutex/Monitor currently owned by a thread:  ([mutex/lock_event])
[0x0000023c53fce5a0] Heap_lock - owner thread: 0x0000023c53fd1000

Heap address: 0x0000000700c00000, size: 4084 MB, Compressed Oops mode: Non-zero based: 0x0000000700c00000
Narrow klass base: 0x0000000000000000, Narrow klass shift: 0

GC Heap History (0 events):
No events

Deoptimization events (0 events):
No events

Classes redefined (0 events):
No events

Internal exceptions (0 events):
No events

Events (1 events):
Event: 0.007 Loaded shared library D:\JetBrains Rider 2020.3.4\jbr\bin\zip.dll


Dynamic libraries:
0x00007ff770ba0000 - 0x00007ff770baa000 	D:\JetBrains Rider 2020.3.4\jbr\bin\java.exe
0x00007ffe62810000 - 0x00007ffe62a05000 	C:\WINDOWS\SYSTEM32\ntdll.dll
0x00007ffe355f0000 - 0x00007ffe35602000 	C:\Program Files\AVAST Software\Avast\aswhook.dll
0x00007ffe60a30000 - 0x00007ffe60aed000 	C:\WINDOWS\System32\KERNEL32.DLL
0x00007ffe5ff80000 - 0x00007ffe60249000 	C:\WINDOWS\System32\KERNELBASE.dll
0x00007ffe60720000 - 0x00007ffe60820000 	C:\WINDOWS\System32\ucrtbase.dll
0x00007ffe22a70000 - 0x00007ffe22a89000 	D:\JetBrains Rider 2020.3.4\jbr\bin\jli.dll
0x00007ffe22a90000 - 0x00007ffe22aa7000 	D:\JetBrains Rider 2020.3.4\jbr\bin\VCRUNTIME140.dll
0x00007ffe61610000 - 0x00007ffe617b0000 	C:\WINDOWS\System32\USER32.dll
0x00007ffe606f0000 - 0x00007ffe60712000 	C:\WINDOWS\System32\win32u.dll
0x00007ffe3d0a0000 - 0x00007ffe3d33a000 	C:\WINDOWS\WinSxS\amd64_microsoft.windows.common-controls_6595b64144ccf1df_6.0.19041.844_none_ca00b6081b84eb1d\COMCTL32.dll
0x00007ffe624e0000 - 0x00007ffe6250a000 	C:\WINDOWS\System32\GDI32.dll
0x00007ffe61850000 - 0x00007ffe618ee000 	C:\WINDOWS\System32\msvcrt.dll
0x00007ffe60560000 - 0x00007ffe6066b000 	C:\WINDOWS\System32\gdi32full.dll
0x00007ffe60460000 - 0x00007ffe604fd000 	C:\WINDOWS\System32\msvcp_win.dll
0x00007ffe61580000 - 0x00007ffe615b0000 	C:\WINDOWS\System32\IMM32.DLL
0x00007ffd9c0d0000 - 0x00007ffd9c16d000 	D:\JetBrains Rider 2020.3.4\jbr\bin\msvcp140.dll
0x00007ffe21330000 - 0x00007ffe21e00000 	D:\JetBrains Rider 2020.3.4\jbr\bin\server\jvm.dll
0x00007ffe62720000 - 0x00007ffe627cc000 	C:\WINDOWS\System32\ADVAPI32.dll
0x00007ffe617b0000 - 0x00007ffe6184c000 	C:\WINDOWS\System32\sechost.dll
0x00007ffe61350000 - 0x00007ffe6147b000 	C:\WINDOWS\System32\RPCRT4.dll
0x00007ffe62590000 - 0x00007ffe62598000 	C:\WINDOWS\System32\PSAPI.DLL
0x00007ffe4cb30000 - 0x00007ffe4cb39000 	C:\WINDOWS\SYSTEM32\WSOCK32.dll
0x00007ffe56030000 - 0x00007ffe56057000 	C:\WINDOWS\SYSTEM32\WINMM.dll
0x00007ffe61490000 - 0x00007ffe614fb000 	C:\WINDOWS\System32\WS2_32.dll
0x00007ffe56060000 - 0x00007ffe5606a000 	C:\WINDOWS\SYSTEM32\VERSION.dll
0x00007ffe5ded0000 - 0x00007ffe5dee2000 	C:\WINDOWS\SYSTEM32\kernel.appcore.dll
0x00007ffe5b0b0000 - 0x00007ffe5b0c1000 	D:\JetBrains Rider 2020.3.4\jbr\bin\verify.dll
0x00007ffe56370000 - 0x00007ffe56554000 	C:\WINDOWS\SYSTEM32\DBGHELP.DLL
0x00007ffe53b10000 - 0x00007ffe53b3c000 	C:\WINDOWS\SYSTEM32\dbgcore.DLL
0x00007ffe60670000 - 0x00007ffe606f0000 	C:\WINDOWS\System32\bcryptPrimitives.dll
0x00007ffe53350000 - 0x00007ffe53379000 	D:\JetBrains Rider 2020.3.4\jbr\bin\java.dll
0x00007ffe5b0f0000 - 0x00007ffe5b0fb000 	D:\JetBrains Rider 2020.3.4\jbr\bin\jimage.dll
0x00007ffe533a0000 - 0x00007ffe533b8000 	D:\JetBrains Rider 2020.3.4\jbr\bin\zip.dll

dbghelp: loaded successfully - version: 4.0.5 - missing functions: none
symbol engine: initialized successfully - sym options: 0x614 - pdb path: .;D:\JetBrains Rider 2020.3.4\jbr\bin;C:\WINDOWS\SYSTEM32;C:\Program Files\AVAST Software\Avast;C:\WINDOWS\WinSxS\amd64_microsoft.windows.common-controls_6595b64144ccf1df_6.0.19041.844_none_ca00b6081b84eb1d;D:\JetBrains Rider 2020.3.4\jbr\bin\server

VM Arguments:
java_command: org.jetbrains.git4idea.http.GitAskPassApp Username for 'https://github.com': 
java_class_path (initial): D:/JetBrains Rider 2020.3.4/plugins/git4idea/lib/git4idea-rt.jar;D:/JetBrains Rider 2020.3.4/lib/xmlrpc-2.0.1.jar;D:/JetBrains Rider 2020.3.4/lib/commons-codec-1.14.jar
Launcher Type: SUN_STANDARD

[Global flags]
     intx CICompilerCount                          = 4                                         {product} {ergonomic}
     uint ConcGCThreads                            = 3                                         {product} {ergonomic}
     uint G1ConcRefinementThreads                  = 10                                        {product} {ergonomic}
   size_t G1HeapRegionSize                         = 1048576                                   {product} {ergonomic}
    uintx GCDrainStackTargetSize                   = 64                                        {product} {ergonomic}
   size_t InitialHeapSize                          = 268435456                                 {product} {ergonomic}
   size_t MarkStackSize                            = 4194304                                   {product} {ergonomic}
   size_t MaxHeapSize                              = 4282384384                                {product} {ergonomic}
   size_t MinHeapDeltaBytes                        = 1048576                                   {product} {ergonomic}
    uintx NonNMethodCodeHeapSize                   = 5836300                                {pd product} {ergonomic}
    uintx NonProfiledCodeHeapSize                  = 122910970                              {pd product} {ergonomic}
    uintx ProfiledCodeHeapSize                     = 122910970                              {pd product} {ergonomic}
    uintx ReservedCodeCacheSize                    = 251658240                              {pd product} {ergonomic}
     bool SegmentedCodeCache                       = true                                      {product} {ergonomic}
     bool UseCompressedClassPointers               = true                                 {lp64_product} {ergonomic}
     bool UseCompressedOops                        = true                                 {lp64_product} {ergonomic}
     bool UseG1GC                                  = true                                      {product} {ergonomic}
     bool UseLargePagesIndividualAllocation        = false                                  {pd product} {ergonomic}

Logging:
Log output configuration:
 #0: stdout all=warning uptime,level,tags
 #1: stderr all=off uptime,level,tags

Environment Variables:
PATH=C:\Program Files\Git\mingw64\libexec\git-core;C:\Program Files\Git\mingw64\libexec\git-core;C:\Program Files\Git\mingw64\bin;C:\Program Files\Git\usr\bin;C:\Users\Jakub\bin;C:\Program Files (x86)\Common Files\Oracle\Java\javapath;C:\Program Files (x86)\NVIDIA Corporation\PhysX\Common;C:\WINDOWS\system32;C:\WINDOWS;C:\WINDOWS\System32\Wbem;C:\WINDOWS\System32\WindowsPowerShell\v1.0;C:\WINDOWS\System32\OpenSSH;C;C:\Program Files\dotnet;C:\Program Files (x86)\Microsoft SQL Server\150\DTS\Binn;C:\Program Files\Microsoft SQL Server\130\Tools\Binn;C:\Program Files\Microsoft SQL Server\Client SDK\ODBC\170\Tools\Binn;C:\Program Files (x86)\Microsoft SQL Server\150\Tools\Binn;C:\Program Files\Microsoft SQL Server\150\Tools\Binn;C:\Program Files\Microsoft SQL Server\150\DTS\Binn;C:\Users\Jakub\AppData\Local\Programs\Python\Python38-32;C:\Users\Jakub\AppData\Local\Programs\Python\Python38-32\Scripts;C:\Program Files\Git\cmd;C:\Program Files\nodejs;C:\Users\Jakub\AppData\Roaming\local\bin;C:\Users\Jakub\AppData\Local\Microsoft\WindowsApps;C:\Users\Jakub\AppData\Local\Programs\Microsoft VS Code\bin;C:\Users\Jakub\AppData\Local\Programs\MiKTeX 2.9\miktex\bin\x64;C:\Users\Jakub\AppData\Roaming\npm;D:\JetBrains Rider 2020.3.4\bin;C:\Users\Jakub\.dotnet\tools
USERNAME=Jakub
DISPLAY=:0.0
LC_ALL=en_US.UTF-8
OS=Windows_NT
PROCESSOR_IDENTIFIER=AMD64 Family 23 Model 8 Stepping 2, AuthenticAMD



---------------  S Y S T E M  ---------------

OS: Windows 10 , 64 bit Build 19041 (10.0.19041.804)
OS uptime: 17 days 12:43 hours

CPU:total 12 (initial active 12) (12 cores per cpu, 2 threads per core) family 23 model 8 stepping 2 microcode 0x0, cmov, cx8, fxsr, mmx, sse, sse2, sse3, ssse3, sse4.1, sse4.2, popcnt, avx, avx2, aes, clmul, mmxext, 3dnowpref, lzcnt, sse4a, ht, tsc, tscinvbit, tscinv, bmi1, bmi2, adx, s

Memory: 4k page, system-wide physical 16335M (2932M free)
TotalPageFile size 28758M (AvailPageFile size 130M)
current process WorkingSet (physical memory assigned to process): 10M, peak: 10M
current process commit charge ("private bytes"): 65M, peak: 320M

vm_info: OpenJDK 64-Bit Server VM (11.0.10+8-b1145.96) for windows-amd64 JRE (11.0.10+8-b1145.96), built on Feb 18 2021 01:38:16 by "" with MS VC++ 14.0 (VS2015)

END.
